<?xml version="1.0" encoding="UTF-8" ?>
<testsuite failures="0" time="0.037" errors="0" skipped="0" tests="1" name="com.demo.activemq.AppTest">
  <properties>
    <property name="java.runtime.name" value="Java(TM) SE Runtime Environment"/>
    <property name="sun.boot.library.path" value="D:\SoftWare\JAVA\JDK\jdk1.7\jre\bin"/>
    <property name="java.vm.version" value="24.80-b11"/>
    <property name="java.vm.vendor" value="Oracle Corporation"/>
    <property name="java.vendor.url" value="http://java.oracle.com/"/>
    <property name="path.separator" value=";"/>
    <property name="java.vm.name" value="Java HotSpot(TM) 64-Bit Server VM"/>
    <property name="file.encoding.pkg" value="sun.io"/>
    <property name="user.script" value=""/>
    <property name="user.country" value="CN"/>
    <property name="sun.java.launcher" value="SUN_STANDARD"/>
    <property name="sun.os.patch.level" value="Service Pack 1"/>
    <property name="java.vm.specification.name" value="Java Virtual Machine Specification"/>
    <property name="user.dir" value="D:\学习\JAVA项目\1130\activemq-receiver"/>
    <property name="java.runtime.version" value="1.7.0_80-b15"/>
    <property name="java.awt.graphicsenv" value="sun.awt.Win32GraphicsEnvironment"/>
    <property name="basedir" value="D:\学习\JAVA项目\1130\activemq-receiver"/>
    <property name="java.endorsed.dirs" value="D:\SoftWare\JAVA\JDK\jdk1.7\jre\lib\endorsed"/>
    <property name="os.arch" value="amd64"/>
    <property name="surefire.real.class.path" value="D:\学习\JAVA项目\1130\activemq-receiver\target\surefire\surefirebooter1857936322323764933.jar"/>
    <property name="java.io.tmpdir" value="C:\Users\ADMINI~1\AppData\Local\Temp\"/>
    <property name="line.separator" value="
"/>
    <property name="java.vm.specification.vendor" value="Oracle Corporation"/>
    <property name="user.variant" value=""/>
    <property name="os.name" value="Windows 7"/>
    <property name="sun.jnu.encoding" value="GBK"/>
    <property name="java.library.path" value="D:\SoftWare\JAVA\JDK\jdk1.7\jre\bin;C:\Windows\Sun\Java\bin;C:\Windows\system32;C:\Windows;D:\SoftWare\JAVA\JDK\jdk1.8\bin;D:\SoftWare\JAVA\JDK\jdk1.8\jre\bin;C:\ProgramData\Oracle\Java\javapath;C:\Windows\system32;C:\Windows;C:\Windows\System32\Wbem;C:\Windows\System32\WindowsPowerShell\v1.0\;D:\SoftWare\Windows7Master;D:\SoftWare\JAVA\apache-maven-3.3.9\bin;C:\Program Files\Git\cmd;D:\SoftWare\JAVA\apache-maven-3.3.9\bin;C:\Program Files\nodejs\;C:\Users\Administrator\AppData\Roaming\npm;C:\Python27;."/>
    <property name="surefire.test.class.path" value="D:\学习\JAVA项目\1130\activemq-receiver\target\test-classes;D:\学习\JAVA项目\1130\activemq-receiver\target\classes;C:\Users\Administrator\.m2\repository\junit\junit\3.8.1\junit-3.8.1.jar;C:\Users\Administrator\.m2\repository\org\slf4j\slf4j-nop\1.7.25\slf4j-nop-1.7.25.jar;C:\Users\Administrator\.m2\repository\org\slf4j\slf4j-api\1.7.25\slf4j-api-1.7.25.jar;"/>
    <property name="java.specification.name" value="Java Platform API Specification"/>
    <property name="java.class.version" value="51.0"/>
    <property name="sun.management.compiler" value="HotSpot 64-Bit Tiered Compilers"/>
    <property name="os.version" value="6.1"/>
    <property name="user.home" value="C:\Users\Administrator"/>
    <property name="user.timezone" value=""/>
    <property name="java.awt.printerjob" value="sun.awt.windows.WPrinterJob"/>
    <property name="java.specification.version" value="1.7"/>
    <property name="file.encoding" value="GBK"/>
    <property name="user.name" value="Administrator"/>
    <property name="java.class.path" value="D:\学习\JAVA项目\1130\activemq-receiver\target\test-classes;D:\学习\JAVA项目\1130\activemq-receiver\target\classes;C:\Users\Administrator\.m2\repository\junit\junit\3.8.1\junit-3.8.1.jar;C:\Users\Administrator\.m2\repository\org\slf4j\slf4j-nop\1.7.25\slf4j-nop-1.7.25.jar;C:\Users\Administrator\.m2\repository\org\slf4j\slf4j-api\1.7.25\slf4j-api-1.7.25.jar;"/>
    <property name="java.vm.specification.version" value="1.7"/>
    <property name="sun.arch.data.model" value="64"/>
    <property name="java.home" value="D:\SoftWare\JAVA\JDK\jdk1.7\jre"/>
    <property name="sun.java.command" value="D:\学习\JAVA项目\1130\activemq-receiver\target\surefire\surefirebooter1857936322323764933.jar D:\学习\JAVA项目\1130\activemq-receiver\target\surefire\surefire8687221755204630033tmp D:\学习\JAVA项目\1130\activemq-receiver\target\surefire\surefire8560807616881428460tmp"/>
    <property name="java.specification.vendor" value="Oracle Corporation"/>
    <property name="user.language" value="zh"/>
    <property name="awt.toolkit" value="sun.awt.windows.WToolkit"/>
    <property name="java.vm.info" value="mixed mode"/>
    <property name="java.version" value="1.7.0_80"/>
    <property name="java.ext.dirs" value="D:\SoftWare\JAVA\JDK\jdk1.7\jre\lib\ext;C:\Windows\Sun\Java\lib\ext"/>
    <property name="sun.boot.class.path" value="D:\SoftWare\JAVA\JDK\jdk1.7\jre\lib\resources.jar;D:\SoftWare\JAVA\JDK\jdk1.7\jre\lib\rt.jar;D:\SoftWare\JAVA\JDK\jdk1.7\jre\lib\sunrsasign.jar;D:\SoftWare\JAVA\JDK\jdk1.7\jre\lib\jsse.jar;D:\SoftWare\JAVA\JDK\jdk1.7\jre\lib\jce.jar;D:\SoftWare\JAVA\JDK\jdk1.7\jre\lib\charsets.jar;D:\SoftWare\JAVA\JDK\jdk1.7\jre\lib\jfr.jar;D:\SoftWare\JAVA\JDK\jdk1.7\jre\classes"/>
    <property name="java.vendor" value="Oracle Corporation"/>
    <property name="localRepository" value="C:\Users\Administrator\.m2\repository"/>
    <property name="file.separator" value="\"/>
    <property name="java.vendor.url.bug" value="http://bugreport.sun.com/bugreport/"/>
    <property name="sun.cpu.endian" value="little"/>
    <property name="sun.io.unicode.encoding" value="UnicodeLittle"/>
    <property name="sun.desktop" value="windows"/>
    <property name="sun.cpu.isalist" value="amd64"/>
  </properties>
  <testcase time="0.002" classname="com.demo.activemq.AppTest" name="testApp"/>
</testsuite>